#-----------------------------------------------------------
# Vivado v2017.4 (64-bit)
# SW Build 2086221 on Fri Dec 15 20:55:39 MST 2017
# IP Build 2085800 on Fri Dec 15 22:25:07 MST 2017
# Start of session at: Mon May 28 20:45:04 2018
# Process ID: 11780
# Current directory: C:/Users/Horea/Desktop/Campean Casiana - Copy/Campean Casiana/test_env
# Command line: vivado.exe -gui_launcher_event rodinguilauncherevent12188 C:\Users\Horea\Desktop\Campean Casiana - Copy\Campean Casiana\test_env\test_env.xpr
# Log file: C:/Users/Horea/Desktop/Campean Casiana - Copy/Campean Casiana/test_env/vivado.log
# Journal file: C:/Users/Horea/Desktop/Campean Casiana - Copy/Campean Casiana/test_env\vivado.jou
#-----------------------------------------------------------
start_gui
open_project {C:/Users/Horea/Desktop/Campean Casiana - Copy/Campean Casiana/test_env/test_env.xpr}
Scanning sources...
Finished scanning sources
INFO: [IP_Flow 19-234] Refreshing IP repositories
INFO: [IP_Flow 19-1704] No user IP repositories specified
INFO: [IP_Flow 19-2313] Loaded Vivado IP repository 'C:/Xilinx/Vivado/2017.4/data/ip'.
open_project: Time (s): cpu = 00:00:38 ; elapsed = 00:00:27 . Memory (MB): peak = 746.555 ; gain = 56.680
update_compile_order -fileset sources_1
exit
INFO: [Common 17-206] Exiting Vivado at Mon May 28 20:50:55 2018...
