#-----------------------------------------------------------
# Vivado v2017.4 (64-bit)
# SW Build 2086221 on Fri Dec 15 20:55:39 MST 2017
# IP Build 2085800 on Fri Dec 15 22:25:07 MST 2017
# Start of session at: Mon May 28 20:57:14 2018
# Process ID: 6892
# Current directory: C:/Users/Horea/Desktop/Campean Casiana - Copy/Campean Casiana/test_env
# Command line: vivado.exe -gui_launcher_event rodinguilauncherevent1180 C:\Users\Horea\Desktop\Campean Casiana - Copy\Campean Casiana\test_env\test_env.xpr
# Log file: C:/Users/Horea/Desktop/Campean Casiana - Copy/Campean Casiana/test_env/vivado.log
# Journal file: C:/Users/Horea/Desktop/Campean Casiana - Copy/Campean Casiana/test_env\vivado.jou
#-----------------------------------------------------------
start_gui
open_project {C:/Users/Horea/Desktop/Campean Casiana - Copy/Campean Casiana/test_env/test_env.xpr}
Scanning sources...
Finished scanning sources
INFO: [IP_Flow 19-234] Refreshing IP repositories
INFO: [IP_Flow 19-1704] No user IP repositories specified
INFO: [IP_Flow 19-2313] Loaded Vivado IP repository 'C:/Xilinx/Vivado/2017.4/data/ip'.
open_project: Time (s): cpu = 00:00:33 ; elapsed = 00:00:17 . Memory (MB): peak = 754.156 ; gain = 41.512
update_compile_order -fileset sources_1
reset_run synth_1
launch_runs synth_1 -jobs 4
[Mon May 28 21:07:32 2018] Launched synth_1...
Run output will be captured here: C:/Users/Horea/Desktop/Campean Casiana - Copy/Campean Casiana/test_env/test_env.runs/synth_1/runme.log
launch_runs impl_1 -jobs 4
[Mon May 28 21:15:39 2018] Launched impl_1...
Run output will be captured here: C:/Users/Horea/Desktop/Campean Casiana - Copy/Campean Casiana/test_env/test_env.runs/impl_1/runme.log
launch_runs impl_1 -to_step write_bitstream -jobs 4
[Mon May 28 21:23:18 2018] Launched impl_1...
Run output will be captured here: C:/Users/Horea/Desktop/Campean Casiana - Copy/Campean Casiana/test_env/test_env.runs/impl_1/runme.log
open_hw
open_hw: Time (s): cpu = 00:00:05 ; elapsed = 00:00:05 . Memory (MB): peak = 827.668 ; gain = 0.000
INFO: [Labtools 27-2285] Connecting to hw_server url TCP:localhost:3121
INFO: [Labtools 27-2222] Launching hw_server...
INFO: [Labtools 27-2221] Launch Output:

****** Xilinx hw_server v2017.4
  **** Build date : Dec 15 2017-21:08:27
    ** Copyright 1986-2017 Xilinx, Inc. All Rights Reserved.


INFO: [Labtools 27-2285] Connecting to hw_server url TCP:localhost:3121
INFO: [Labtools 27-2222] Launching hw_server...
INFO: [Labtools 27-2221] Launch Output:

****** Xilinx hw_server v2017.4
  **** Build date : Dec 15 2017-21:08:27
    ** Copyright 1986-2017 Xilinx, Inc. All Rights Reserved.


disconnect_hw_server: Time (s): cpu = 00:00:15 ; elapsed = 00:00:13 . Memory (MB): peak = 1394.055 ; gain = 566.387
connect_hw_server -url localhost:3121
INFO: [Labtools 27-2285] Connecting to hw_server url TCP:localhost:3121
current_hw_target [get_hw_targets */xilinx_tcf/Digilent/210183A75A09A]
set_property PARAM.FREQUENCY 15000000 [get_hw_targets */xilinx_tcf/Digilent/210183A75A09A]
open_hw_target
INFO: [Labtoolstcl 44-466] Opening hw_target localhost:3121/xilinx_tcf/Digilent/210183A75A09A
set_property PROGRAM.FILE {C:/Users/Horea/Desktop/Campean Casiana - Copy/Campean Casiana/test_env/test_env.runs/impl_1/test_env.bit} [get_hw_devices xc7a35t_0]
current_hw_device [get_hw_devices xc7a35t_0]
refresh_hw_device -update_hw_probes false [lindex [get_hw_devices xc7a35t_0] 0]
INFO: [Labtools 27-1434] Device xc7a35t (JTAG device index = 0) is programmed with a design that has no supported debug core(s) in it.
WARNING: [Labtools 27-3361] The debug hub core was not detected.
Resolution: 
1. Make sure the clock connected to the debug hub (dbg_hub) core is a free running clock and is active.
2. Make sure the BSCAN_SWITCH_USER_MASK device property in Vivado Hardware Manager reflects the user scan chain setting in the design and refresh the device.  To determine the user scan chain setting in the design, open the implemented design and use 'get_property C_USER_SCAN_CHAIN [get_debug_cores dbg_hub]'.
For more details on setting the scan chain property, consult the Vivado Debug and Programming User Guide (UG908).
set_property PROBES.FILE {} [get_hw_devices xc7a35t_0]
set_property FULL_PROBES.FILE {} [get_hw_devices xc7a35t_0]
set_property PROGRAM.FILE {C:/Users/Horea/Desktop/Campean Casiana - Copy/Campean Casiana/test_env/test_env.runs/impl_1/test_env.bit} [get_hw_devices xc7a35t_0]
program_hw_devices [get_hw_devices xc7a35t_0]
INFO: [Labtools 27-3164] End of startup status: HIGH
refresh_hw_device [lindex [get_hw_devices xc7a35t_0] 0]
INFO: [Labtools 27-1434] Device xc7a35t (JTAG device index = 0) is programmed with a design that has no supported debug core(s) in it.
WARNING: [Labtools 27-3361] The debug hub core was not detected.
Resolution: 
1. Make sure the clock connected to the debug hub (dbg_hub) core is a free running clock and is active.
2. Make sure the BSCAN_SWITCH_USER_MASK device property in Vivado Hardware Manager reflects the user scan chain setting in the design and refresh the device.  To determine the user scan chain setting in the design, open the implemented design and use 'get_property C_USER_SCAN_CHAIN [get_debug_cores dbg_hub]'.
For more details on setting the scan chain property, consult the Vivado Debug and Programming User Guide (UG908).
ERROR: [Labtoolstcl 44-513] HW Target shutdown. Closing target: localhost:3121/xilinx_tcf/Digilent/210183A75A09A
exit
INFO: [Common 17-206] Exiting Vivado at Mon May 28 21:38:50 2018...
