#-----------------------------------------------------------
# Vivado v2017.4 (64-bit)
# SW Build 2086221 on Fri Dec 15 20:55:39 MST 2017
# IP Build 2085800 on Fri Dec 15 22:25:07 MST 2017
# Start of session at: Mon May 28 20:54:38 2018
# Process ID: 5480
# Current directory: C:/Users/Horea/Desktop/Campean Casiana - Copy/Campean Casiana/test_env
# Command line: vivado.exe -gui_launcher_event rodinguilauncherevent11408 C:\Users\Horea\Desktop\Campean Casiana - Copy\Campean Casiana\test_env\test_env.xpr
# Log file: C:/Users/Horea/Desktop/Campean Casiana - Copy/Campean Casiana/test_env/vivado.log
# Journal file: C:/Users/Horea/Desktop/Campean Casiana - Copy/Campean Casiana/test_env\vivado.jou
#-----------------------------------------------------------
start_gui
open_project {C:/Users/Horea/Desktop/Campean Casiana - Copy/Campean Casiana/test_env/test_env.xpr}
CRITICAL WARNING: [Project 1-19] Could not find the file 'C:/Users/Horea/Desktop/Campean Casiana - Copy/Campean Casiana/test_env/test_env.srcs/sources_1/new/monoPulse.vhd'.
CRITICAL WARNING: [Project 1-19] Could not find the file 'C:/Users/Horea/Desktop/Campean Casiana - Copy/Campean Casiana/test_env/test_env.srcs/sources_1/new/RX_FSM.vhd'.
CRITICAL WARNING: [Project 1-19] Could not find the file 'C:/Users/Horea/Desktop/Campean Casiana - Copy/Campean Casiana/test_env/test_env.srcs/sources_1/new/Instr_Fetch.vhd'.
CRITICAL WARNING: [Project 1-19] Could not find the file 'C:/Users/Horea/Desktop/Campean Casiana - Copy/Campean Casiana/test_env/test_env.srcs/sources_1/new/RAM_mem.vhd'.
CRITICAL WARNING: [Project 1-19] Could not find the file 'C:/Users/Horea/Desktop/Campean Casiana - Copy/Campean Casiana/test_env/test_env.srcs/sources_1/new/reg_file.vhd'.
Scanning sources...
Finished scanning sources
INFO: [IP_Flow 19-234] Refreshing IP repositories
INFO: [IP_Flow 19-1704] No user IP repositories specified
INFO: [IP_Flow 19-2313] Loaded Vivado IP repository 'C:/Xilinx/Vivado/2017.4/data/ip'.
open_project: Time (s): cpu = 00:00:23 ; elapsed = 00:00:12 . Memory (MB): peak = 737.367 ; gain = 47.211
update_compile_order -fileset sources_1
exit
INFO: [Common 17-206] Exiting Vivado at Mon May 28 20:56:51 2018...
