#-----------------------------------------------------------
# Vivado v2017.4 (64-bit)
# SW Build 2086221 on Fri Dec 15 20:55:39 MST 2017
# IP Build 2085800 on Fri Dec 15 22:25:07 MST 2017
# Start of session at: Tue May 29 11:33:21 2018
# Process ID: 13164
# Current directory: C:/Users/Horea/Desktop/Campean Casiana - Copy/Campean Casiana/test_env
# Command line: vivado.exe -gui_launcher_event rodinguilauncherevent8028 C:\Users\Horea\Desktop\Campean Casiana - Copy\Campean Casiana\test_env\test_env.xpr
# Log file: C:/Users/Horea/Desktop/Campean Casiana - Copy/Campean Casiana/test_env/vivado.log
# Journal file: C:/Users/Horea/Desktop/Campean Casiana - Copy/Campean Casiana/test_env\vivado.jou
#-----------------------------------------------------------
start_gui
open_project {C:/Users/Horea/Desktop/Campean Casiana - Copy/Campean Casiana/test_env/test_env.xpr}
Scanning sources...
Finished scanning sources
INFO: [IP_Flow 19-234] Refreshing IP repositories
INFO: [IP_Flow 19-1704] No user IP repositories specified
INFO: [IP_Flow 19-2313] Loaded Vivado IP repository 'C:/Xilinx/Vivado/2017.4/data/ip'.
open_project: Time (s): cpu = 00:00:27 ; elapsed = 00:00:14 . Memory (MB): peak = 739.559 ; gain = 38.617
reset_run synth_1
update_compile_order -fileset sources_1
launch_runs impl_1 -to_step write_bitstream -jobs 4
[Tue May 29 11:34:45 2018] Launched synth_1...
Run output will be captured here: C:/Users/Horea/Desktop/Campean Casiana - Copy/Campean Casiana/test_env/test_env.runs/synth_1/runme.log
[Tue May 29 11:34:45 2018] Launched impl_1...
Run output will be captured here: C:/Users/Horea/Desktop/Campean Casiana - Copy/Campean Casiana/test_env/test_env.runs/impl_1/runme.log
open_run impl_1
INFO: [Netlist 29-17] Analyzing 49 Unisim elements for replacement
INFO: [Netlist 29-28] Unisim Transformation completed in 0 CPU seconds
INFO: [Project 1-479] Netlist was created with Vivado 2017.4
INFO: [Device 21-403] Loading part xc7a35tcpg236-1
INFO: [Common 17-41] Interrupt caught. Command should exit soon.
open_run: Time (s): cpu = 00:00:25 ; elapsed = 00:00:24 . Memory (MB): peak = 969.887 ; gain = 193.434
INFO: [Common 17-344] 'open_run' was cancelled
exit
INFO: [Common 17-206] Exiting Vivado at Tue May 29 11:40:53 2018...
